<?xml version="1.0" encoding="UTF-8"?>
<testsuites>
  <testsuite name="/home/ian/Desktop/06/mezzio-minimal/phpunit.xml" tests="11" assertions="23" errors="0" failures="0" skipped="0" time="0.054623">
    <testsuite name="Unit" tests="11" assertions="23" errors="0" failures="0" skipped="0" time="0.054623">
      <testsuite name="AppTest\Unit\Service\UnifiedPathServiceTest" file="/home/ian/Desktop/06/mezzio-minimal/tests/Unit/Service/UnifiedPathServiceTest.php" tests="7" assertions="12" errors="0" failures="0" skipped="0" time="0.046269">
        <testcase name="testStorageMethod" file="/home/ian/Desktop/06/mezzio-minimal/tests/Unit/Service/UnifiedPathServiceTest.php" line="50" class="AppTest\Unit\Service\UnifiedPathServiceTest" classname="AppTest.Unit.Service.UnifiedPathServiceTest" assertions="2" time="0.026726"/>
        <testcase name="testLogsMethod" file="/home/ian/Desktop/06/mezzio-minimal/tests/Unit/Service/UnifiedPathServiceTest.php" line="57" class="AppTest\Unit\Service\UnifiedPathServiceTest" classname="AppTest.Unit.Service.UnifiedPathServiceTest" assertions="2" time="0.003374"/>
        <testcase name="testCacheMethod" file="/home/ian/Desktop/06/mezzio-minimal/tests/Unit/Service/UnifiedPathServiceTest.php" line="64" class="AppTest\Unit\Service\UnifiedPathServiceTest" classname="AppTest.Unit.Service.UnifiedPathServiceTest" assertions="2" time="0.002844"/>
        <testcase name="testTemplatesMethod" file="/home/ian/Desktop/06/mezzio-minimal/tests/Unit/Service/UnifiedPathServiceTest.php" line="71" class="AppTest\Unit\Service\UnifiedPathServiceTest" classname="AppTest.Unit.Service.UnifiedPathServiceTest" assertions="1" time="0.003865"/>
        <testcase name="testModuleTemplatesMethod" file="/home/ian/Desktop/06/mezzio-minimal/tests/Unit/Service/UnifiedPathServiceTest.php" line="77" class="AppTest\Unit\Service\UnifiedPathServiceTest" classname="AppTest.Unit.Service.UnifiedPathServiceTest" assertions="2" time="0.003369"/>
        <testcase name="testAppTemplatesMethod" file="/home/ian/Desktop/06/mezzio-minimal/tests/Unit/Service/UnifiedPathServiceTest.php" line="84" class="AppTest\Unit\Service\UnifiedPathServiceTest" classname="AppTest.Unit.Service.UnifiedPathServiceTest" assertions="1" time="0.003325"/>
        <testcase name="testGetRootPath" file="/home/ian/Desktop/06/mezzio-minimal/tests/Unit/Service/UnifiedPathServiceTest.php" line="43" class="AppTest\Unit\Service\UnifiedPathServiceTest" classname="AppTest.Unit.Service.UnifiedPathServiceTest" assertions="2" time="0.002767"/>
      </testsuite>
      <testsuite name="AppTest\Unit\Template\PhpRendererTest" file="/home/ian/Desktop/06/mezzio-minimal/tests/Unit/Template/PhpRendererTest.php" tests="4" assertions="11" errors="0" failures="0" skipped="0" time="0.008354">
        <testcase name="testGetPathsReturnsTemplatePathArray" file="/home/ian/Desktop/06/mezzio-minimal/tests/Unit/Template/PhpRendererTest.php" line="35" class="AppTest\Unit\Template\PhpRendererTest" classname="AppTest.Unit.Template.PhpRendererTest" assertions="5" time="0.002771"/>
        <testcase name="testAddDefaultParam" file="/home/ian/Desktop/06/mezzio-minimal/tests/Unit/Template/PhpRendererTest.php" line="51" class="AppTest\Unit\Template\PhpRendererTest" classname="AppTest.Unit.Template.PhpRendererTest" assertions="1" time="0.001546"/>
        <testcase name="testAddPath" file="/home/ian/Desktop/06/mezzio-minimal/tests/Unit/Template/PhpRendererTest.php" line="25" class="AppTest\Unit\Template\PhpRendererTest" classname="AppTest.Unit.Template.PhpRendererTest" assertions="3" time="0.002145"/>
        <testcase name="testRenderThrowsExceptionForMissingTemplate" file="/home/ian/Desktop/06/mezzio-minimal/tests/Unit/Template/PhpRendererTest.php" line="59" class="AppTest\Unit\Template\PhpRendererTest" classname="AppTest.Unit.Template.PhpRendererTest" assertions="2" time="0.001893"/>
      </testsuite>
    </testsuite>
  </testsuite>
</testsuites>
